<?xml version="1.0" encoding="UTF-8"?>
<!-- Generated by org.testng.reporters.JUnitXMLReporter -->
<testsuite ignored="2" hostname="DESKTOP-AKCV52K" failures="0" tests="2" name="Test" time="0.191" errors="0" timestamp="2023-10-04T13:59:39 IST">
  <testcase classname="core.Page" name="@BeforeClass makeWBConnection" time="-1.696408179636E9">
    <failure type="org.testng.TestNGException" message="
Can inject only one of &amp;lt;ITestContext, XmlTest&amp;gt; into a @BeforeClass annotated makeWBConnection.
For more information on native dependency injection please refer to https://testng.org/doc/documentation-main.html#native-dependency-injection">
      <![CDATA[org.testng.TestNGException: 
Can inject only one of <ITestContext, XmlTest> into a @BeforeClass annotated makeWBConnection.
For more information on native dependency injection please refer to https://testng.org/doc/documentation-main.html#native-dependency-injection
at java.base/java.util.ArrayList.forEach(ArrayList.java:1511)
... Removed 22 stack frames]]>
    </failure>
  </testcase> <!-- @BeforeClass makeWBConnection -->
  <testcase classname="core.Page" name="@AfterClass closeWBConnection" time="0.0">
    <skipped/>
  </testcase> <!-- @AfterClass closeWBConnection -->
  <testcase classname="core.Page" name="@BeforeClass makeWBConnection" time="-1.696408179682E9">
    <failure type="org.testng.TestNGException" message="
Can inject only one of &amp;lt;ITestContext, XmlTest&amp;gt; into a @BeforeClass annotated makeWBConnection.
For more information on native dependency injection please refer to https://testng.org/doc/documentation-main.html#native-dependency-injection">
      <![CDATA[org.testng.TestNGException: 
Can inject only one of <ITestContext, XmlTest> into a @BeforeClass annotated makeWBConnection.
For more information on native dependency injection please refer to https://testng.org/doc/documentation-main.html#native-dependency-injection
at java.base/java.util.ArrayList.forEach(ArrayList.java:1511)
... Removed 22 stack frames]]>
    </failure>
  </testcase> <!-- @BeforeClass makeWBConnection -->
  <testcase classname="core.Page" name="@BeforeMethod openBrowser" time="0.0">
    <skipped/>
  </testcase> <!-- @BeforeMethod openBrowser -->
  <testcase classname="core.Page" name="@AfterMethod closeBrowser" time="0.0">
    <skipped/>
  </testcase> <!-- @AfterMethod closeBrowser -->
  <testcase classname="core.Page" name="@AfterClass closeWBConnection" time="0.0">
    <skipped/>
  </testcase> <!-- @AfterClass closeWBConnection -->
  <testcase classname="testcases.ShopTest" name="shoptest" time="0.0">
    <skipped/>
  </testcase> <!-- shoptest -->
  <testcase classname="testcases.ShopTest" name="makepayment" time="0.0">
    <skipped/>
  </testcase> <!-- makepayment -->
  <testcase classname="core.Page" name="@BeforeTest generateLogReport" time="0.0">
    <ignored/>
  </testcase> <!-- @BeforeTest generateLogReport -->
  <testcase classname="core.Page" name="@AfterTest closeReport" time="0.0">
    <ignored/>
  </testcase> <!-- @AfterTest closeReport -->
</testsuite> <!-- Test -->
